<?xml version="1.0" encoding="UTF-8"?>
<testng-results ignored="0" total="1" passed="1" failed="0" skipped="0">
  <reporter-output>
  </reporter-output>
  <suite started-at="2023-05-16T00:48:25 EEST" name="Default suite" finished-at="2023-05-16T00:48:47 EEST" duration-ms="21885">
    <groups>
    </groups>
    <test started-at="2023-05-16T00:48:25 EEST" name="Default test" finished-at="2023-05-16T00:48:47 EEST" duration-ms="21885">
      <class name="menu">
        <test-method is-config="true" signature="setup()[pri:0, instance:menu@5a56cdac]" started-at="2023-05-16T00:48:25 EEST" name="setup" finished-at="2023-05-16T00:48:35 EEST" duration-ms="10449" status="PASS">
          <reporter-output>
          </reporter-output>
        </test-method> <!-- setup -->
        <test-method signature="TheMenu()[pri:0, instance:menu@5a56cdac]" started-at="2023-05-16T00:48:35 EEST" name="TheMenu" finished-at="2023-05-16T00:48:47 EEST" duration-ms="11359" status="PASS">
          <reporter-output>
          </reporter-output>
        </test-method> <!-- TheMenu -->
        <test-method is-config="true" signature="closed()[pri:0, instance:menu@5a56cdac]" started-at="2023-05-16T00:48:47 EEST" name="closed" finished-at="2023-05-16T00:48:47 EEST" duration-ms="1" status="PASS">
          <reporter-output>
          </reporter-output>
        </test-method> <!-- closed -->
      </class> <!-- menu -->
    </test> <!-- Default test -->
  </suite> <!-- Default suite -->
</testng-results>
